<?xml version="1.0" encoding="UTF-8"?>
<!-- Generated by org.testng.reporters.JUnitReportReporter -->
<testsuite hostname="DESKTOP-7BEG02H" name="Controller.Controller_StudentNGTest" tests="3" failures="0" timestamp="3 Nov 2017 15:41:14 GMT" time="3.645" errors="0">
  <testcase name="testUpdate" time="0.655" classname="Controller.Controller_StudentNGTest"/>
  <testcase name="testInsert" time="1.438" classname="Controller.Controller_StudentNGTest"/>
  <testcase name="testDelete" time="1.552" classname="Controller.Controller_StudentNGTest"/>
</testsuite> <!-- Controller.Controller_StudentNGTest -->
